<?xml version="1.0" encoding="UTF-8"?>
<!-- Generated by org.testng.reporters.JUnitReportReporter -->
<testsuite hostname="CESIT-LAP-0135" failures="0" tests="1" name="testCase.SauceLabsAzamTV" time="80.538" errors="0" timestamp="2021-10-10T12:50:41 IST" skipped="0">
  <testcase classname="testCase.SauceLabsAzamTV" name="sauceLabTest" time="80.538"/>
  <system-out/>
</testsuite> <!-- testCase.SauceLabsAzamTV -->
