<?xml version="1.0" encoding="UTF-8"?>
<!-- Generated by org.testng.reporters.JUnitReportReporter -->
<testsuite hostname="CESIT-LAP-0135" failures="0" tests="1" name="testCase.ApkInfo" time="32.939" errors="0" timestamp="2021-10-27T15:03:54 IST" skipped="0">
  <testcase classname="testCase.ApkInfo" name="ApkinfoMain" time="32.939"/>
  <system-out>
    <![CDATA[ApkInfo - Aplication is Opening
Scroll to - Photos -  Succesfully
Orientation : PORTRAIT
Scroll to - YouTube -  Succesfully]]>
  </system-out>
</testsuite> <!-- testCase.ApkInfo -->
