<?xml version="1.0" encoding="UTF-8"?>
<!-- Generated by org.testng.reporters.JUnitReportReporter -->
<testsuite hostname="CESIT-LAP-0135" failures="0" tests="1" name="testCase.ApkInfo" time="27.009" errors="0" timestamp="2021-09-28T19:34:22 IST" skipped="0">
  <testcase classname="testCase.ApkInfo" name="ApkinfoMain" time="27.009"/>
  <system-out/>
</testsuite> <!-- testCase.ApkInfo -->
