<?xml version="1.0" encoding="UTF-8"?>
<!-- Generated by org.testng.reporters.JUnitReportReporter -->
<testsuite hostname="CESIT-LAP-0135" failures="0" tests="1" name="testCase.ChromeBrowser" time="26.825" errors="0" timestamp="2021-10-25T14:41:53 IST" skipped="0">
  <testcase classname="testCase.ChromeBrowser" name="AmazonProductSearch" time="26.825"/>
  <system-out>
    <![CDATA[Chrome - Aplication is Opening
Opened URL : https://www.amazon.in/
Switched to WEBVIEW_chrome Succesfully
iphone - Searched Succesfully
Switched to NATIVE_APP Succesfully]]>
  </system-out>
</testsuite> <!-- testCase.ChromeBrowser -->
