<?xml version="1.0" encoding="UTF-8"?>
<!-- Generated by org.testng.reporters.JUnitReportReporter -->
<testsuite hostname="CESIT-LAP-0135" failures="0" tests="1" name="testCase.MovieSearch" time="4.991" errors="0" timestamp="2021-09-25T02:08:51 IST" skipped="0">
  <testcase classname="testCase.MovieSearch" name="Test_MovieSearch" time="4.991"/>
  <system-out>
    <![CDATA[Clicked Get Started Button Succesfully
Clicked English Language Button Succesfully
Clicked Continue Button Succesfully]]>
  </system-out>
</testsuite> <!-- testCase.MovieSearch -->
