<?xml version="1.0" encoding="UTF-8"?>
<!-- Generated by org.testng.reporters.JUnitReportReporter -->
<testsuite hostname="CESIT-LAP-0135" failures="0" tests="1" name="testCase.UserRegister" time="17.263" errors="0" timestamp="2021-09-23T12:47:07 IST" skipped="0">
  <testcase classname="testCase.UserRegister" name="Test_Registeration" time="17.263"/>
  <system-out>
    <![CDATA[Clicked Get Started Button Succesfully
Clicked English Language Button Succesfully
Clicked Continue Button Succesfully
Clicked Login Button Succesfully
Clicked Register Button Succesfully
Loaded Register Page Succesfully]]>
  </system-out>
</testsuite> <!-- testCase.UserRegister -->
