<?xml version="1.0" encoding="UTF-8"?>
<!-- Generated by org.testng.reporters.JUnitReportReporter -->
<testsuite hostname="CESIT-LAP-0135" failures="0" tests="1" name="testCase.trialDemo" time="0.015" errors="0" timestamp="2021-10-27T14:59:56 IST" skipped="0">
  <testcase classname="testCase.trialDemo" name="AppiumSessions" time="0.015"/>
  <system-out/>
</testsuite> <!-- testCase.trialDemo -->
