<?xml version="1.0" encoding="UTF-8"?>
<!-- Generated by org.testng.reporters.JUnitReportReporter -->
<testsuite hostname="CESIT-LAP-0135" failures="0" tests="1" name="testCase.ChromeBrowser" time="48.048" errors="0" timestamp="2021-09-28T19:46:51 IST" skipped="0">
  <testcase classname="testCase.ChromeBrowser" name="AmazonProductSearch" time="48.048"/>
  <system-out>
    <![CDATA[https://www.amazon.in/Opened inChrome Succesfully
Switched to WEBVIEW_chrome Succesfully
iphoneSearched Succesfully
Switched to NATIVE_APP Succesfully]]>
  </system-out>
</testsuite> <!-- testCase.ChromeBrowser -->
