<?xml version="1.0" encoding="UTF-8"?>
<!-- Generated by org.testng.reporters.JUnitReportReporter -->
<testsuite hostname="CESIT-LAP-0135" failures="0" tests="1" name="testCase.ChromeBrowser" time="21.037" errors="0" timestamp="2021-09-27T23:39:48 IST" skipped="0">
  <testcase classname="testCase.ChromeBrowser" name="AmazonProductSearch" time="21.037"/>
  <system-out/>
</testsuite> <!-- testCase.ChromeBrowser -->
