<?xml version="1.0" encoding="UTF-8"?>
<!-- Generated by org.testng.reporters.JUnitReportReporter -->
<testsuite hostname="CESIT-LAP-0135" failures="0" tests="1" name="testCase.trialDemo" time="0.010" errors="0" timestamp="2021-11-03T12:25:10 IST" skipped="0">
  <testcase classname="testCase.trialDemo" name="test" time="0.010"/>
  <system-out/>
</testsuite> <!-- testCase.trialDemo -->
