<?xml version="1.0" encoding="UTF-8"?>
<!-- Generated by org.testng.reporters.JUnitReportReporter -->
<testsuite hostname="CESIT-LAP-0135" failures="0" tests="1" name="testCase.ApkInfo" time="18.536" errors="0" timestamp="2021-10-02T12:03:30 IST" skipped="0">
  <testcase classname="testCase.ApkInfo" name="ApkinfoMain" time="18.536"/>
  <system-out>
    <![CDATA[
===============================================

Test Started - ApkinfoMain
ApkInfo - Aplication is Opening
Scroll to - Duo -  Succesfully
Screenshot Taken : C:\Users\VigneshD\git\CES-Appium\Report-Log-ScreenShot\ScreenShots\ApkinfoMain.png
Scroll to - YouTube -  Succesfully
Test Success : ApkinfoMain]]>
  </system-out>
</testsuite> <!-- testCase.ApkInfo -->
