<?xml version="1.0" encoding="UTF-8"?>
<!-- Generated by org.testng.reporters.JUnitReportReporter -->
<testsuite hostname="CESIT-LAP-0135" failures="0" tests="1" name="testCase.ApkInfo" time="31.969" errors="0" timestamp="2021-10-06T13:16:03 IST" skipped="0">
  <testcase classname="testCase.ApkInfo" name="ApkinfoMain" time="31.969"/>
  <system-out>
    <![CDATA[ApkInfo - Aplication is Opening
Scroll to - Duo -  Succesfully
Scroll to - YouTube -  Succesfully]]>
  </system-out>
</testsuite> <!-- testCase.ApkInfo -->
