<?xml version="1.0" encoding="UTF-8"?>
<!-- Generated by org.testng.reporters.JUnitReportReporter -->
<testsuite hostname="CESIT-LAP-0135" failures="0" tests="1" name="testCase.MovieSearch" time="25.136" errors="0" timestamp="2021-09-25T03:34:19 IST" skipped="0">
  <testcase classname="testCase.MovieSearch" name="Test_MovieSearch" time="25.136"/>
  <system-out>
    <![CDATA[Clicked Get Started Button Succesfully
Clicked English Language Button Succesfully
Clicked Continue Button Succesfully
Clicked Movies Tab Button Succesfully
Loaded Movies Tab Succesfully
Clicked Bongo Movies number - 3 Succesfully
Clicked Register Button Succesfully
Loaded Register Page Succesfully]]>
  </system-out>
</testsuite> <!-- testCase.MovieSearch -->
