<?xml version="1.0" encoding="UTF-8"?>
<!-- Generated by org.testng.reporters.JUnitReportReporter -->
<testsuite hostname="CESIT-LAP-0135" failures="0" tests="1" name="testCase.ApkInfo" time="10.605" errors="0" timestamp="2021-09-27T01:54:49 IST" skipped="0">
  <testcase classname="testCase.ApkInfo" name="Test_ApkinfoMain" time="10.605"/>
  <system-out/>
</testsuite> <!-- testCase.ApkInfo -->
