<?xml version="1.0" encoding="UTF-8"?>
<!-- Generated by org.testng.reporters.JUnitReportReporter -->
<testsuite hostname="CESIT-LAP-0135" failures="0" tests="2" name="testCase.AzamTv" time="79.581" errors="0" timestamp="2021-09-29T19:45:35 IST" skipped="0">
  <testcase classname="testCase.AzamTv" name="AzamTV_Registeration" time="45.470"/>
  <system-out>
    <![CDATA[
===============================================

Test Started - AzamTV_Registeration
Azam - Aplication is Opening
Screenshot Taken : C:\Users\VigneshD\git\CES-Appium\ScreenShot\AzamTV_Registeration.jpg
Clicked Get Started Button Succesfully
Clicked English Language Button Succesfully
Clicked Continue Button Succesfully
Clicked Login Tab Button Succesfully
Clicked Register Button Succesfully
Loaded Register Page Succesfully
Screenshot Taken : C:\Users\VigneshD\git\CES-Appium\ScreenShot\AzamTV_Registeration.jpg
Entered New Register Number - 9600000000 - Succesfully
Clicked Continue Button Succesfully
Entered OTP - 000000 -  Succesfully
Success test cases : AzamTV_Registeration]]>
  </system-out>
  <testcase classname="testCase.AzamTv" name="AzamTV_MovieSearch" time="34.111"/>
  <system-out>
    <![CDATA[
===============================================

Test Started - AzamTV_MovieSearch
Azam - Aplication is Opening
Clicked Get Started Button Succesfully
Clicked English Language Button Succesfully
Clicked Continue Button Succesfully
Clicked Movies Tab Button Succesfully
Loaded Movies Tab Succesfully
Screenshot Taken : C:\Users\VigneshD\git\CES-Appium\ScreenShot\AzamTV_MovieSearch.jpg
Clicked Bongo Movies number - 3 Succesfully
Clicked Register Button Succesfully
Loaded Register Page Succesfully
Success test cases : AzamTV_MovieSearch]]>
  </system-out>
</testsuite> <!-- testCase.AzamTv -->
