<?xml version="1.0" encoding="UTF-8"?>
<!-- Generated by org.testng.reporters.JUnitReportReporter -->
<testsuite hostname="CESIT-LAP-0135" failures="0" tests="1" name="testCase.Chrome2" time="30.814" errors="0" timestamp="2022-04-07T17:17:57 IST" skipped="0">
  <testcase classname="testCase.Chrome2" name="AmazonProductSearch" time="30.814"/>
  <system-out>
    <![CDATA[Chrome - Aplication is Opening
Opened URL : https://www.valuedopinions.co.in/index
Switched to WEBVIEW Succesfully
Switched to NATIVE Succesfully]]>
  </system-out>
</testsuite> <!-- testCase.Chrome2 -->
