<?xml version="1.0" encoding="UTF-8"?>
<!-- Generated by org.testng.reporters.JUnitReportReporter -->
<testsuite hostname="CESIT-LAP-0135" failures="0" tests="1" name="testCase.UserRegister" time="14.175" errors="0" timestamp="2021-09-20T22:10:37 IST" skipped="0">
  <testcase classname="testCase.UserRegister" name="Test_Registeration" time="14.175"/>
  <system-out/>
</testsuite> <!-- testCase.UserRegister -->
