<?xml version="1.0" encoding="UTF-8"?>
<!-- Generated by org.testng.reporters.JUnitReportReporter -->
<testsuite hostname="CESIT-LAP-0135" failures="0" tests="1" name="testCase.ApkInfo" time="15.962" errors="0" timestamp="2021-09-30T00:38:45 IST" skipped="0">
  <testcase classname="testCase.ApkInfo" name="ApkinfoMain" time="15.962"/>
  <system-out>
    <![CDATA[
===============================================

Test Started - ApkinfoMain
ApkInfo - Aplication is Opening
Scroll to - Duo -  Succesfully
Scroll to - YouTube -  Succesfully
Test Success : ApkinfoMain]]>
  </system-out>
</testsuite> <!-- testCase.ApkInfo -->
