<?xml version="1.0" encoding="UTF-8"?>
<!-- Generated by org.testng.reporters.JUnitReportReporter -->
<testsuite hostname="CESIT-LAP-0135" failures="0" tests="1" name="testCase.trialDemo" time="35.088" errors="0" timestamp="2021-10-21T19:30:00 IST" skipped="0">
  <testcase classname="testCase.trialDemo" name="AppiumSessions" time="35.088"/>
  <system-out>
    <![CDATA[Azam - Aplication is Opening
getSessionDetails Command Working Succesfully
Clicked Get Started Button Succesfully
Clicked English Language Button Succesfully
Clicked Continue Button Succesfully
Clicked Movies Tab Button Succesfully
getPageSource Command Working Succesfully]]>
  </system-out>
</testsuite> <!-- testCase.trialDemo -->
