<?xml version="1.0" encoding="UTF-8"?>
<!-- Generated by org.testng.reporters.JUnitReportReporter -->
<testsuite hostname="CESIT-LAP-0135" failures="0" tests="2" name="testCase.AzamTv" time="68.095" errors="0" timestamp="2021-10-10T13:32:02 IST" skipped="1">
  <testcase classname="testCase.AzamTv" name="AzamTV_Registeration" time="68.095"/>
  <system-out>
    <![CDATA[Azam - Aplication is Opening
Clicked Get Started Button Succesfully
Clicked English Language Button Succesfully
Clicked Continue Button Succesfully
Clicked Login Tab Button Succesfully
Clicked Register Button Succesfully
Loaded Register Page Succesfully
Clicked ISDCode Button Succesfully
Entered ISDCode - +91 - Succesfully
Entered New Register Number - 9600000000 - Succesfully
Clicked Continue Button Succesfully
Entered OTP - 111111 -  Succesfully]]>
  </system-out>
  <testcase classname="testCase.AzamTv" name="AzamTV_MovieSearch">
    <skipped/>
  </testcase> <!-- AzamTV_MovieSearch -->
  <system-out/>
</testsuite> <!-- testCase.AzamTv -->
