<?xml version="1.0" encoding="UTF-8"?>
<!-- Generated by org.testng.reporters.JUnitReportReporter -->
<testsuite hostname="CESIT-LAP-0135" failures="0" tests="1" name="testCase.UserRegister" time="8.216" errors="0" timestamp="2021-09-22T11:52:25 IST" skipped="0">
  <testcase classname="testCase.UserRegister" name="Test_Registeration" time="8.216"/>
  <system-out/>
</testsuite> <!-- testCase.UserRegister -->
