<?xml version="1.0" encoding="UTF-8"?>
<!-- Generated by org.testng.reporters.JUnitReportReporter -->
<testsuite hostname="CESIT-LAP-0135" failures="0" tests="1" name="testCase.ChromeBrowser" time="19.630" errors="0" timestamp="2021-10-04T12:35:19 IST" skipped="0">
  <testcase classname="testCase.ChromeBrowser" name="AmazonProductSearch" time="19.630"/>
  <system-out>
    <![CDATA[Chrome - Aplication is Opening
https://www.amazon.in/
Opened in Chrome Browser Succesfully
Switched to WEBVIEW_chrome Succesfully
iphoneSearched Succesfully
Switched to NATIVE_APP Succesfully]]>
  </system-out>
</testsuite> <!-- testCase.ChromeBrowser -->
