<?xml version="1.0" encoding="UTF-8"?>
<!-- Generated by org.testng.reporters.JUnitReportReporter -->
<testsuite hostname="CESIT-LAP-0135" failures="0" tests="1" name="testCase.ChromeBrowser" time="21.559" errors="0" timestamp="2021-09-30T19:56:53 IST" skipped="0">
  <testcase classname="testCase.ChromeBrowser" name="AmazonProductSearch" time="21.559"/>
  <system-out>
    <![CDATA[
===============================================

Test Started - AmazonProductSearch
Chrome - Aplication is Opening
https://www.amazon.in/
Opened in Chrome Browser Succesfully
Switched to WEBVIEW_chrome Succesfully
Screenshot Taken : C:\Users\VigneshD\git\CES-Appium\Report-ScreenShot\ScreenShots\AmazonProductSearch.png
iphoneSearched Succesfully
Switched to NATIVE_APP Succesfully
Test Success : AmazonProductSearch]]>
  </system-out>
</testsuite> <!-- testCase.ChromeBrowser -->
