<?xml version="1.0" encoding="UTF-8"?>
<!-- Generated by org.testng.reporters.JUnitReportReporter -->
<testsuite hostname="CESIT-LAP-0135" failures="0" tests="1" name="testCase.ChromeBrowser" time="72.066" errors="0" timestamp="2021-10-27T15:05:28 IST" skipped="0">
  <testcase classname="testCase.ChromeBrowser" name="AmazonProductSearch" time="72.066"/>
  <system-out>
    <![CDATA[Chrome - Aplication is Opening
Opened URL : https://www.amazon.in/
Switched to WEBVIEW Succesfully
iphone - Searched Succesfully
Hamburger Menu - Clicked Succesfully
Menu Mobiles - Clicked Succesfully
Switched to NATIVE Succesfully]]>
  </system-out>
</testsuite> <!-- testCase.ChromeBrowser -->
