<?xml version="1.0" encoding="UTF-8"?>
<!-- Generated by org.testng.reporters.JUnitReportReporter -->
<testsuite hostname="CESIT-LAP-0135" failures="0" tests="1" name="testCase.ApkInfo" time="15.256" errors="0" timestamp="2021-09-29T14:06:21 IST" skipped="0">
  <testcase classname="testCase.ApkInfo" name="ApkinfoMain" time="15.256"/>
  <system-out>
    <![CDATA[
===============================================

Test Started - ApkinfoMain
ApkInfo - Aplication is Opening
Success test cases : ApkinfoMain]]>
  </system-out>
</testsuite> <!-- testCase.ApkInfo -->
