<?xml version="1.0" encoding="UTF-8"?>
<!-- Generated by org.testng.reporters.JUnitReportReporter -->
<testsuite hostname="CESIT-LAP-0135" failures="0" tests="1" name="testCase.ApkInfo" time="28.697" errors="0" timestamp="2021-09-29T16:59:10 IST" skipped="0">
  <testcase classname="testCase.ApkInfo" name="ApkinfoMain" time="28.697"/>
  <system-out>
    <![CDATA[
===============================================

Test Started - ApkinfoMain
ApkInfo - Aplication is Opening
Scroll to - Duo -  Succesfully
Scroll to - YouTube -  Succesfully
Screenshot Taken : C:\Users\VigneshD\git\CES-Appium\ScreenShot\ApkinfoMain.jpg
Success test cases : ApkinfoMain]]>
  </system-out>
</testsuite> <!-- testCase.ApkInfo -->
