<?xml version="1.0" encoding="UTF-8"?>
<!-- Generated by org.testng.reporters.JUnitReportReporter -->
<testsuite hostname="CESIT-LAP-0135" failures="0" tests="1" name="testCase.ApkInfo" time="11.935" errors="0" timestamp="2021-09-28T02:36:56 IST" skipped="0">
  <testcase classname="testCase.ApkInfo" name="ApkinfoMain" time="11.935"/>
  <system-out>
    <![CDATA[Installed Apps]]>
  </system-out>
</testsuite> <!-- testCase.ApkInfo -->
