<?xml version="1.0" encoding="UTF-8"?>
<!-- Generated by org.testng.reporters.JUnitReportReporter -->
<testsuite hostname="CESIT-LAP-0135" failures="0" tests="1" name="testCase.ChromeBrowser" time="34.005" errors="0" timestamp="2021-09-27T19:51:21 IST" skipped="0">
  <testcase classname="testCase.ChromeBrowser" name="chromeMain" time="34.005"/>
  <system-out/>
</testsuite> <!-- testCase.ChromeBrowser -->
