<?xml version="1.0" encoding="UTF-8"?>
<!-- Generated by org.testng.reporters.JUnitReportReporter -->
<testsuite hostname="CESIT-LAP-0135" failures="0" tests="2" name="testCase.AzamTv" time="99.029" errors="0" timestamp="2021-10-03T22:24:21 IST" skipped="0">
  <testcase classname="testCase.AzamTv" name="AzamTV_Registeration" time="55.738"/>
  <system-out>
    <![CDATA[Azam - Aplication is Opening
Clicked Get Started Button Succesfully
Clicked English Language Button Succesfully
Clicked Continue Button Succesfully
Clicked Login Tab Button Succesfully
Clicked Register Button Succesfully
Loaded Register Page Succesfully
Entered New Register Number - 9600000000 - Succesfully
Clicked Continue Button Succesfully
Entered OTP - 000000 -  Succesfully]]>
  </system-out>
  <testcase classname="testCase.AzamTv" name="AzamTV_MovieSearch" time="43.291"/>
  <system-out>
    <![CDATA[Azam - Aplication is Opening
Clicked Get Started Button Succesfully
Clicked English Language Button Succesfully
Clicked Continue Button Succesfully
Clicked Movies Tab Button Succesfully
Loaded Movies Tab Succesfully
Clicked Bongo Movies number - 3 Succesfully
Clicked Register Button Succesfully
Loaded Register Page Succesfully]]>
  </system-out>
</testsuite> <!-- testCase.AzamTv -->
