<?xml version="1.0" encoding="UTF-8"?>
<!-- Generated by org.testng.reporters.JUnitReportReporter -->
<testsuite hostname="CESIT-LAP-0135" failures="0" tests="1" name="testCase.trialDemo" time="0.031" errors="0" timestamp="2021-11-05T11:54:02 IST" skipped="0">
  <testcase classname="testCase.trialDemo" name="test" time="0.031"/>
  <system-out/>
</testsuite> <!-- testCase.trialDemo -->
