<?xml version="1.0" encoding="UTF-8"?>
<!-- Generated by org.testng.reporters.JUnitReportReporter -->
<testsuite hostname="CESIT-LAP-0135" failures="0" tests="1" name="testCase.ChromeBrowser" time="18.665" errors="0" timestamp="2021-09-29T14:02:30 IST" skipped="0">
  <testcase classname="testCase.ChromeBrowser" name="AmazonProductSearch" time="18.665"/>
  <system-out>
    <![CDATA[
===============================================

Test Started - AmazonProductSearch
Chrome - Aplication is Opening
https://www.amazon.in/
Opened in Chrome Browser Succesfully
Switched to WEBVIEW_chrome Succesfully
iphoneSearched Succesfully
Switched to NATIVE_APP Succesfully
Success test cases : AmazonProductSearch]]>
  </system-out>
</testsuite> <!-- testCase.ChromeBrowser -->
