<?xml version="1.0" encoding="UTF-8"?>
<!-- Generated by org.testng.reporters.JUnitReportReporter -->
<testsuite hostname="CESIT-LAP-0135" failures="0" tests="1" name="mainTestCase.TestCase1" time="14.055" errors="0" timestamp="2021-09-20T15:59:48 IST" skipped="0">
  <testcase classname="mainTestCase.TestCase1" name="TestCase" time="14.055"/>
  <system-out/>
</testsuite> <!-- mainTestCase.TestCase1 -->
