<?xml version="1.0" encoding="UTF-8"?>
<!-- Generated by org.testng.reporters.JUnitReportReporter -->
<testsuite hostname="CESIT-LAP-0135" failures="0" tests="1" name="testCase.ApkInfo" time="10.520" errors="0" timestamp="2021-09-27T23:39:48 IST" skipped="0">
  <testcase classname="testCase.ApkInfo" name="ApkinfoMain" time="10.520"/>
  <system-out/>
</testsuite> <!-- testCase.ApkInfo -->
