<?xml version="1.0" encoding="UTF-8"?>
<!-- Generated by org.testng.reporters.JUnitReportReporter -->
<testsuite hostname="CESIT-LAP-0135" failures="0" tests="1" name="testCase.ApkInfo" time="40.852" errors="0" timestamp="2021-10-20T12:34:29 IST" skipped="0">
  <testcase classname="testCase.ApkInfo" name="ApkinfoMain" time="40.852"/>
  <system-out>
    <![CDATA[ApkInfo - Aplication is Opening
Scroll to - Photos -  Succesfully
Scroll to - YouTube -  Succesfully]]>
  </system-out>
</testsuite> <!-- testCase.ApkInfo -->
